<?xml version="1.0" encoding="UTF-8"?>
<robot generator="Robot 6.1.1 (Python 3.11.5 on win32)" generated="20231008 22:45:50.440" rpa="false" schemaversion="4">
<suite id="s1" name="Login" source="C:\Users\LENOVO\PycharmProjects\androidProject\Tests\Login.robot">
<test id="s1-t1" name="Login" line="23">
<kw name="Open Chat21 APP On Virtual Device" library="android-res">
<kw name="Open Chat21 App" library="android-res">
<arg>${APPIUM_PORT_DEVICE1}</arg>
<arg>${UDID_EMULATOR1}</arg>
<kw name="Open Application" library="AppiumLibrary">
<arg>http://localhost:${APPIUM_PORT}</arg>
<arg>platformName=Android</arg>
<arg>appPackage=${CHAT21_APP_ID}</arg>
<arg>appActivity=${CHAT21_APP_ACTIVITY}</arg>
<arg>automationName=UiAutomator2</arg>
<arg>udid=${DEVICE}</arg>
<doc>Opens a new application to given Appium server.
Capabilities of appium server, Android and iOS,
Please check https://github.com/appium/appium/blob/master/docs/en/writing-running-appium/server-args.md
| *Option*            | *Man.* | *Description*     |
| remote_url          | Yes    | Appium server url |
| alias               | no     | alias             |
| strict_ssl          | No     | allows you to send commands to an invalid certificate host like a self-signed one. |</doc>
<status status="PASS" starttime="20231008 22:45:50.660" endtime="20231008 22:45:59.471"/>
</kw>
<kw name="Run Keyword And Return Status" library="BuiltIn">
<var>${Alert}</var>
<arg>Page Should Contain Element</arg>
<arg>${ACCEPT_STORAGE_BUTTON}</arg>
<doc>Runs the given keyword with given arguments and returns the status as a Boolean value.</doc>
<kw name="Page Should Contain Element" library="AppiumLibrary">
<arg>${ACCEPT_STORAGE_BUTTON}</arg>
<doc>Verifies that current page contains `locator` element.</doc>
<msg timestamp="20231008 22:45:59.982" level="INFO">Current page contains element 'id=com.android.permissioncontroller:id/continue_button'.</msg>
<msg timestamp="20231008 22:45:59.982" level="INFO">criteria is com.android.permissioncontroller:id/continue_button</msg>
<status status="PASS" starttime="20231008 22:45:59.471" endtime="20231008 22:45:59.982"/>
</kw>
<msg timestamp="20231008 22:45:59.982" level="INFO">${Alert} = True</msg>
<status status="PASS" starttime="20231008 22:45:59.471" endtime="20231008 22:45:59.982"/>
</kw>
<kw name="Run Keyword If" library="BuiltIn">
<arg>'${Alert}' == 'True'</arg>
<arg>Bypass Android 10 Alerts</arg>
<doc>Runs the given keyword with the given arguments, if ``condition`` is true.</doc>
<kw name="Bypass Android 10 Alerts" library="android-res">
<kw name="Wait Until Page Contains Element" library="AppiumLibrary">
<arg>${ACCEPT_STORAGE_BUTTON}</arg>
<doc>Waits until element specified with `locator` appears on current page.</doc>
<msg timestamp="20231008 22:46:00.011" level="INFO">criteria is com.android.permissioncontroller:id/continue_button</msg>
<status status="PASS" starttime="20231008 22:45:59.982" endtime="20231008 22:46:00.011"/>
</kw>
<kw name="Click Element" library="AppiumLibrary">
<arg>${ACCEPT_STORAGE_BUTTON}</arg>
<doc>Click element identified by `locator`.</doc>
<msg timestamp="20231008 22:46:00.013" level="INFO">Clicking element 'id=com.android.permissioncontroller:id/continue_button'.</msg>
<msg timestamp="20231008 22:46:00.109" level="INFO">criteria is com.android.permissioncontroller:id/continue_button</msg>
<status status="PASS" starttime="20231008 22:46:00.011" endtime="20231008 22:46:00.109"/>
</kw>
<kw name="Wait Until Page Contains Element" library="AppiumLibrary">
<arg>${ACCEPT_OLD_VERSION_POPUP}</arg>
<doc>Waits until element specified with `locator` appears on current page.</doc>
<msg timestamp="20231008 22:46:01.306" level="INFO">criteria is android:id/button1
criteria is android:id/button1</msg>
<status status="PASS" starttime="20231008 22:46:00.109" endtime="20231008 22:46:01.306"/>
</kw>
<kw name="Click Element" library="AppiumLibrary">
<arg>${ACCEPT_OLD_VERSION_POPUP}</arg>
<doc>Click element identified by `locator`.</doc>
<msg timestamp="20231008 22:46:01.308" level="INFO">Clicking element 'id=android:id/button1'.</msg>
<msg timestamp="20231008 22:46:01.944" level="INFO">criteria is android:id/button1</msg>
<status status="PASS" starttime="20231008 22:46:01.306" endtime="20231008 22:46:01.944"/>
</kw>
<status status="PASS" starttime="20231008 22:45:59.982" endtime="20231008 22:46:01.944"/>
</kw>
<status status="PASS" starttime="20231008 22:45:59.982" endtime="20231008 22:46:01.944"/>
</kw>
<status status="PASS" starttime="20231008 22:45:50.659" endtime="20231008 22:46:01.944"/>
</kw>
<status status="PASS" starttime="20231008 22:45:50.659" endtime="20231008 22:46:01.944"/>
</kw>
<kw name="Login User" library="android-res">
<arg>${USER_DETAILS}[email]</arg>
<arg>${USER_DETAILS}[password]</arg>
<kw name="Input User Email" library="android-res">
<arg>${EMAIL}</arg>
<kw name="Wait Until Page Contains Element" library="AppiumLibrary">
<arg>${EMAIL_INPUT}</arg>
<doc>Waits until element specified with `locator` appears on current page.</doc>
<msg timestamp="20231008 22:46:02.513" level="INFO">criteria is chat21.android.demo:id/email</msg>
<status status="PASS" starttime="20231008 22:46:01.945" endtime="20231008 22:46:02.513"/>
</kw>
<kw name="Input Text" library="AppiumLibrary">
<arg>${EMAIL_INPUT}</arg>
<arg>${EMAIL}</arg>
<doc>Types the given `text` into text field identified by `locator`.</doc>
<msg timestamp="20231008 22:46:02.515" level="INFO">Typing text 'rootnjaay@gmail.com' into text field 'id=chat21.android.demo:id/email'</msg>
<msg timestamp="20231008 22:46:02.586" level="INFO">criteria is chat21.android.demo:id/email</msg>
<status status="PASS" starttime="20231008 22:46:02.513" endtime="20231008 22:46:02.586"/>
</kw>
<status status="PASS" starttime="20231008 22:46:01.945" endtime="20231008 22:46:02.586"/>
</kw>
<kw name="Input User Password" library="android-res">
<arg>${PASS}</arg>
<kw name="Wait Until Page Contains Element" library="AppiumLibrary">
<arg>${PASSWORD_INPUT}</arg>
<doc>Waits until element specified with `locator` appears on current page.</doc>
<msg timestamp="20231008 22:46:03.110" level="INFO">criteria is chat21.android.demo:id/password</msg>
<status status="PASS" starttime="20231008 22:46:02.586" endtime="20231008 22:46:03.110"/>
</kw>
<kw name="Input Text" library="AppiumLibrary">
<arg>${PASSWORD_INPUT}</arg>
<arg>${PASS}</arg>
<doc>Types the given `text` into text field identified by `locator`.</doc>
<msg timestamp="20231008 22:46:03.111" level="INFO">Typing text 'passer1234' into text field 'id=chat21.android.demo:id/password'</msg>
<msg timestamp="20231008 22:46:03.160" level="INFO">criteria is chat21.android.demo:id/password</msg>
<status status="PASS" starttime="20231008 22:46:03.110" endtime="20231008 22:46:03.160"/>
</kw>
<status status="PASS" starttime="20231008 22:46:02.586" endtime="20231008 22:46:03.160"/>
</kw>
<kw name="Click Login Button" library="android-res">
<kw name="Wait Until Page Contains Element" library="AppiumLibrary">
<arg>${LOGIN_BUTTON}</arg>
<doc>Waits until element specified with `locator` appears on current page.</doc>
<msg timestamp="20231008 22:46:03.679" level="INFO">criteria is chat21.android.demo:id/login</msg>
<status status="PASS" starttime="20231008 22:46:03.161" endtime="20231008 22:46:03.679"/>
</kw>
<kw name="Click Element" library="AppiumLibrary">
<arg>${LOGIN_BUTTON}</arg>
<doc>Click element identified by `locator`.</doc>
<msg timestamp="20231008 22:46:03.682" level="INFO">Clicking element 'id=chat21.android.demo:id/login'.</msg>
<msg timestamp="20231008 22:46:03.757" level="INFO">criteria is chat21.android.demo:id/login</msg>
<status status="PASS" starttime="20231008 22:46:03.679" endtime="20231008 22:46:03.757"/>
</kw>
<status status="PASS" starttime="20231008 22:46:03.160" endtime="20231008 22:46:03.757"/>
</kw>
<status status="PASS" starttime="20231008 22:46:01.944" endtime="20231008 22:46:03.757"/>
</kw>
<kw name="Open Chat21 APP On Physical Device" library="android-res">
<kw name="Open Chat21 App" library="android-res">
<arg>${APPIUM_PORT_DEVICE2}</arg>
<arg>${UDID_EMULATOR2}</arg>
<kw name="Open Application" library="AppiumLibrary">
<arg>http://localhost:${APPIUM_PORT}</arg>
<arg>platformName=Android</arg>
<arg>appPackage=${CHAT21_APP_ID}</arg>
<arg>appActivity=${CHAT21_APP_ACTIVITY}</arg>
<arg>automationName=UiAutomator2</arg>
<arg>udid=${DEVICE}</arg>
<doc>Opens a new application to given Appium server.
Capabilities of appium server, Android and iOS,
Please check https://github.com/appium/appium/blob/master/docs/en/writing-running-appium/server-args.md
| *Option*            | *Man.* | *Description*     |
| remote_url          | Yes    | Appium server url |
| alias               | no     | alias             |
| strict_ssl          | No     | allows you to send commands to an invalid certificate host like a self-signed one. |</doc>
<status status="PASS" starttime="20231008 22:46:03.758" endtime="20231008 22:46:12.904"/>
</kw>
<kw name="Run Keyword And Return Status" library="BuiltIn">
<var>${Alert}</var>
<arg>Page Should Contain Element</arg>
<arg>${ACCEPT_STORAGE_BUTTON}</arg>
<doc>Runs the given keyword with given arguments and returns the status as a Boolean value.</doc>
<kw name="Page Should Contain Element" library="AppiumLibrary">
<arg>${ACCEPT_STORAGE_BUTTON}</arg>
<doc>Verifies that current page contains `locator` element.</doc>
<msg timestamp="20231008 22:46:13.472" level="INFO">Current page contains element 'id=com.android.permissioncontroller:id/continue_button'.</msg>
<msg timestamp="20231008 22:46:13.472" level="INFO">criteria is com.android.permissioncontroller:id/continue_button</msg>
<status status="PASS" starttime="20231008 22:46:12.904" endtime="20231008 22:46:13.472"/>
</kw>
<msg timestamp="20231008 22:46:13.472" level="INFO">${Alert} = True</msg>
<status status="PASS" starttime="20231008 22:46:12.904" endtime="20231008 22:46:13.472"/>
</kw>
<kw name="Run Keyword If" library="BuiltIn">
<arg>'${Alert}' == 'True'</arg>
<arg>Bypass Android 10 Alerts</arg>
<doc>Runs the given keyword with the given arguments, if ``condition`` is true.</doc>
<kw name="Bypass Android 10 Alerts" library="android-res">
<kw name="Wait Until Page Contains Element" library="AppiumLibrary">
<arg>${ACCEPT_STORAGE_BUTTON}</arg>
<doc>Waits until element specified with `locator` appears on current page.</doc>
<msg timestamp="20231008 22:46:13.518" level="INFO">criteria is com.android.permissioncontroller:id/continue_button</msg>
<status status="PASS" starttime="20231008 22:46:13.473" endtime="20231008 22:46:13.518"/>
</kw>
<kw name="Click Element" library="AppiumLibrary">
<arg>${ACCEPT_STORAGE_BUTTON}</arg>
<doc>Click element identified by `locator`.</doc>
<msg timestamp="20231008 22:46:13.521" level="INFO">Clicking element 'id=com.android.permissioncontroller:id/continue_button'.</msg>
<msg timestamp="20231008 22:46:13.637" level="INFO">criteria is com.android.permissioncontroller:id/continue_button</msg>
<status status="PASS" starttime="20231008 22:46:13.518" endtime="20231008 22:46:13.637"/>
</kw>
<kw name="Wait Until Page Contains Element" library="AppiumLibrary">
<arg>${ACCEPT_OLD_VERSION_POPUP}</arg>
<doc>Waits until element specified with `locator` appears on current page.</doc>
<msg timestamp="20231008 22:46:14.436" level="INFO">criteria is android:id/button1
criteria is android:id/button1</msg>
<status status="PASS" starttime="20231008 22:46:13.638" endtime="20231008 22:46:14.436"/>
</kw>
<kw name="Click Element" library="AppiumLibrary">
<arg>${ACCEPT_OLD_VERSION_POPUP}</arg>
<doc>Click element identified by `locator`.</doc>
<msg timestamp="20231008 22:46:14.438" level="INFO">Clicking element 'id=android:id/button1'.</msg>
<msg timestamp="20231008 22:46:14.740" level="INFO">criteria is android:id/button1</msg>
<status status="PASS" starttime="20231008 22:46:14.436" endtime="20231008 22:46:14.740"/>
</kw>
<status status="PASS" starttime="20231008 22:46:13.473" endtime="20231008 22:46:14.740"/>
</kw>
<status status="PASS" starttime="20231008 22:46:13.473" endtime="20231008 22:46:14.740"/>
</kw>
<status status="PASS" starttime="20231008 22:46:03.758" endtime="20231008 22:46:14.740"/>
</kw>
<status status="PASS" starttime="20231008 22:46:03.758" endtime="20231008 22:46:14.740"/>
</kw>
<kw name="Login User" library="android-res">
<arg>${USER_DETAILS}[email]</arg>
<arg>${USER_DETAILS}[password]</arg>
<kw name="Input User Email" library="android-res">
<arg>${EMAIL}</arg>
<kw name="Wait Until Page Contains Element" library="AppiumLibrary">
<arg>${EMAIL_INPUT}</arg>
<doc>Waits until element specified with `locator` appears on current page.</doc>
<msg timestamp="20231008 22:46:16.163" level="INFO">criteria is chat21.android.demo:id/email</msg>
<status status="PASS" starttime="20231008 22:46:14.743" endtime="20231008 22:46:16.163"/>
</kw>
<kw name="Input Text" library="AppiumLibrary">
<arg>${EMAIL_INPUT}</arg>
<arg>${EMAIL}</arg>
<doc>Types the given `text` into text field identified by `locator`.</doc>
<msg timestamp="20231008 22:46:16.166" level="INFO">Typing text 'rootnjaay@gmail.com' into text field 'id=chat21.android.demo:id/email'</msg>
<msg timestamp="20231008 22:46:16.258" level="INFO">criteria is chat21.android.demo:id/email</msg>
<status status="PASS" starttime="20231008 22:46:16.163" endtime="20231008 22:46:16.259"/>
</kw>
<status status="PASS" starttime="20231008 22:46:14.743" endtime="20231008 22:46:16.259"/>
</kw>
<kw name="Input User Password" library="android-res">
<arg>${PASS}</arg>
<kw name="Wait Until Page Contains Element" library="AppiumLibrary">
<arg>${PASSWORD_INPUT}</arg>
<doc>Waits until element specified with `locator` appears on current page.</doc>
<msg timestamp="20231008 22:46:16.769" level="INFO">criteria is chat21.android.demo:id/password</msg>
<status status="PASS" starttime="20231008 22:46:16.259" endtime="20231008 22:46:16.770"/>
</kw>
<kw name="Input Text" library="AppiumLibrary">
<arg>${PASSWORD_INPUT}</arg>
<arg>${PASS}</arg>
<doc>Types the given `text` into text field identified by `locator`.</doc>
<msg timestamp="20231008 22:46:16.773" level="INFO">Typing text 'passer1234' into text field 'id=chat21.android.demo:id/password'</msg>
<msg timestamp="20231008 22:46:16.838" level="INFO">criteria is chat21.android.demo:id/password</msg>
<status status="PASS" starttime="20231008 22:46:16.770" endtime="20231008 22:46:16.838"/>
</kw>
<status status="PASS" starttime="20231008 22:46:16.259" endtime="20231008 22:46:16.838"/>
</kw>
<kw name="Click Login Button" library="android-res">
<kw name="Wait Until Page Contains Element" library="AppiumLibrary">
<arg>${LOGIN_BUTTON}</arg>
<doc>Waits until element specified with `locator` appears on current page.</doc>
<msg timestamp="20231008 22:46:17.344" level="INFO">criteria is chat21.android.demo:id/login</msg>
<status status="PASS" starttime="20231008 22:46:16.839" endtime="20231008 22:46:17.346"/>
</kw>
<kw name="Click Element" library="AppiumLibrary">
<arg>${LOGIN_BUTTON}</arg>
<doc>Click element identified by `locator`.</doc>
<msg timestamp="20231008 22:46:17.348" level="INFO">Clicking element 'id=chat21.android.demo:id/login'.</msg>
<msg timestamp="20231008 22:46:17.420" level="INFO">criteria is chat21.android.demo:id/login</msg>
<status status="PASS" starttime="20231008 22:46:17.346" endtime="20231008 22:46:17.420"/>
</kw>
<status status="PASS" starttime="20231008 22:46:16.838" endtime="20231008 22:46:17.420"/>
</kw>
<status status="PASS" starttime="20231008 22:46:14.742" endtime="20231008 22:46:17.420"/>
</kw>
<status status="PASS" starttime="20231008 22:45:50.659" endtime="20231008 22:46:17.421"/>
</test>
<status status="PASS" starttime="20231008 22:45:50.441" endtime="20231008 22:46:17.422"/>
</suite>
<statistics>
<total>
<stat pass="1" fail="0" skip="0">All Tests</stat>
</total>
<tag>
</tag>
<suite>
<stat pass="1" fail="0" skip="0" id="s1" name="Login">Login</stat>
</suite>
</statistics>
<errors>
</errors>
</robot>
